2026-04-01 18:27:03.442 [INF] Executed DbCommand (58ms) [Parameters=[], CommandType='"Text"', CommandTimeout='60']
SELECT 1
2026-04-01 18:27:03.592 [INF] Executed DbCommand (45ms) [Parameters=[], CommandType='"Text"', CommandTimeout='60']
SELECT OBJECT_ID(N'[__EFMigrationsHistory]');
2026-04-01 18:27:03.603 [INF] Executed DbCommand (1ms) [Parameters=[], CommandType='"Text"', CommandTimeout='60']
SELECT 1
2026-04-01 18:27:03.617 [INF] Executed DbCommand (1ms) [Parameters=[], CommandType='"Text"', CommandTimeout='60']
SELECT OBJECT_ID(N'[__EFMigrationsHistory]');
2026-04-01 18:27:03.656 [INF] Executed DbCommand (9ms) [Parameters=[], CommandType='"Text"', CommandTimeout='60']
SELECT [MigrationId], [ProductVersion]
FROM [__EFMigrationsHistory]
ORDER BY [MigrationId];
2026-04-01 18:27:03.731 [INF] No migrations were applied. The database is already up to date.
2026-04-01 18:27:04.445 [INF] Executed DbCommand (23ms) [Parameters=[], CommandType='"Text"', CommandTimeout='60']
SELECT CASE
    WHEN EXISTS (
        SELECT 1
        FROM [Users] AS [u]
        WHERE [u].[IsDeleted] = CAST(0 AS bit)) THEN CAST(1 AS bit)
    ELSE CAST(0 AS bit)
END
2026-04-01 18:27:04.524 [INF] Seeding database...
2026-04-01 18:27:05.487 [INF] Executed DbCommand (332ms) [Parameters=[@p0='?' (DbType = DateTime2), @p1='?' (Size = 4000), @p2='?' (DbType = DateTime2), @p3='?' (Size = 4000), @p4='?' (Size = 150), @p5='?' (Size = 100), @p6='?' (Size = 100), @p7='?' (Size = 4000), @p8='?' (DbType = DateTime2), @p9='?' (Size = 4000), @p10='?' (DbType = DateTime2), @p11='?' (Size = 4000), @p12='?' (DbType = DateTime2), @p13='?' (Size = 4000), @p14='?' (Size = 150), @p15='?' (Size = 100), @p16='?' (Size = 100), @p17='?' (Size = 4000), @p18='?' (DbType = DateTime2), @p19='?' (Size = 4000), @p20='?' (DbType = DateTime2), @p21='?' (Size = 4000), @p22='?' (DbType = DateTime2), @p23='?' (Size = 4000), @p24='?' (Size = 150), @p25='?' (Size = 100), @p26='?' (Size = 100), @p27='?' (Size = 4000), @p28='?' (DbType = DateTime2), @p29='?' (Size = 4000)], CommandType='"Text"', CommandTimeout='60']
SET IMPLICIT_TRANSACTIONS OFF;
SET NOCOUNT ON;
MERGE [Users] USING (
VALUES (@p0, @p1, @p2, @p3, @p4, @p5, @p6, @p7, @p8, @p9, 0),
(@p10, @p11, @p12, @p13, @p14, @p15, @p16, @p17, @p18, @p19, 1),
(@p20, @p21, @p22, @p23, @p24, @p25, @p26, @p27, @p28, @p29, 2)) AS i ([CreatedAt], [CreatedBy], [DeletedAt], [DeletedBy], [Email], [FirstName], [LastName], [Phone], [UpdatedAt], [UpdatedBy], _Position) ON 1=0
WHEN NOT MATCHED THEN
INSERT ([CreatedAt], [CreatedBy], [DeletedAt], [DeletedBy], [Email], [FirstName], [LastName], [Phone], [UpdatedAt], [UpdatedBy])
VALUES (i.[CreatedAt], i.[CreatedBy], i.[DeletedAt], i.[DeletedBy], i.[Email], i.[FirstName], i.[LastName], i.[Phone], i.[UpdatedAt], i.[UpdatedBy])
OUTPUT INSERTED.[Id], INSERTED.[IsActive], INSERTED.[IsDeleted], i._Position;
2026-04-01 18:27:05.770 [INF] Executed DbCommand (16ms) [Parameters=[@p0='?' (DbType = DateTime2), @p1='?' (Size = 4000), @p2='?' (DbType = DateTime2), @p3='?' (Size = 4000), @p4='?' (Size = 1000), @p5='?' (DbType = DateTime2), @p6='?' (Size = 150), @p7='?' (DbType = DateTime2), @p8='?' (Size = 20), @p9='?' (DbType = DateTime2), @p10='?' (Size = 4000), @p11='?' (DbType = DateTime2), @p12='?' (Size = 4000), @p13='?' (DbType = DateTime2), @p14='?' (Size = 4000), @p15='?' (Size = 1000), @p16='?' (DbType = DateTime2), @p17='?' (Size = 150), @p18='?' (DbType = DateTime2), @p19='?' (Size = 20), @p20='?' (DbType = DateTime2), @p21='?' (Size = 4000), @p22='?' (DbType = DateTime2), @p23='?' (Size = 4000), @p24='?' (DbType = DateTime2), @p25='?' (Size = 4000), @p26='?' (Size = 1000), @p27='?' (DbType = DateTime2), @p28='?' (Size = 150), @p29='?' (DbType = DateTime2), @p30='?' (Size = 20), @p31='?' (DbType = DateTime2), @p32='?' (Size = 4000)], CommandType='"Text"', CommandTimeout='60']
SET IMPLICIT_TRANSACTIONS OFF;
SET NOCOUNT ON;
MERGE [Projects] USING (
VALUES (@p0, @p1, @p2, @p3, @p4, @p5, @p6, @p7, @p8, @p9, @p10, 0),
(@p11, @p12, @p13, @p14, @p15, @p16, @p17, @p18, @p19, @p20, @p21, 1),
(@p22, @p23, @p24, @p25, @p26, @p27, @p28, @p29, @p30, @p31, @p32, 2)) AS i ([CreatedAt], [CreatedBy], [DeletedAt], [DeletedBy], [Description], [EndDate], [Name], [StartDate], [Status], [UpdatedAt], [UpdatedBy], _Position) ON 1=0
WHEN NOT MATCHED THEN
INSERT ([CreatedAt], [CreatedBy], [DeletedAt], [DeletedBy], [Description], [EndDate], [Name], [StartDate], [Status], [UpdatedAt], [UpdatedBy])
VALUES (i.[CreatedAt], i.[CreatedBy], i.[DeletedAt], i.[DeletedBy], i.[Description], i.[EndDate], i.[Name], i.[StartDate], i.[Status], i.[UpdatedAt], i.[UpdatedBy])
OUTPUT INSERTED.[Id], INSERTED.[IsDeleted], i._Position;
2026-04-01 18:27:06.003 [INF] Executed DbCommand (32ms) [Parameters=[@p0='?' (DbType = Int32), @p1='?' (DbType = DateTime2), @p2='?' (Size = 4000), @p3='?' (DbType = DateTime2), @p4='?' (Size = 4000), @p5='?' (Size = 2000), @p6='?' (DbType = DateTime2), @p7='?' (Size = 20), @p8='?' (DbType = Int32), @p9='?' (Size = 20), @p10='?' (Size = 200), @p11='?' (DbType = DateTime2), @p12='?' (Size = 4000), @p13='?' (DbType = Int32), @p14='?' (DbType = DateTime2), @p15='?' (Size = 4000), @p16='?' (DbType = DateTime2), @p17='?' (Size = 4000), @p18='?' (Size = 2000), @p19='?' (DbType = DateTime2), @p20='?' (Size = 20), @p21='?' (DbType = Int32), @p22='?' (Size = 20), @p23='?' (Size = 200), @p24='?' (DbType = DateTime2), @p25='?' (Size = 4000), @p26='?' (DbType = Int32), @p27='?' (DbType = DateTime2), @p28='?' (Size = 4000), @p29='?' (DbType = DateTime2), @p30='?' (Size = 4000), @p31='?' (Size = 2000), @p32='?' (DbType = DateTime2), @p33='?' (Size = 20), @p34='?' (DbType = Int32), @p35='?' (Size = 20), @p36='?' (Size = 200), @p37='?' (DbType = DateTime2), @p38='?' (Size = 4000), @p39='?' (DbType = Int32), @p40='?' (DbType = DateTime2), @p41='?' (Size = 4000), @p42='?' (DbType = DateTime2), @p43='?' (Size = 4000), @p44='?' (Size = 2000), @p45='?' (DbType = DateTime2), @p46='?' (Size = 20), @p47='?' (DbType = Int32), @p48='?' (Size = 20), @p49='?' (Size = 200), @p50='?' (DbType = DateTime2), @p51='?' (Size = 4000), @p52='?' (DbType = Int32), @p53='?' (DbType = DateTime2), @p54='?' (Size = 4000), @p55='?' (DbType = DateTime2), @p56='?' (Size = 4000), @p57='?' (Size = 2000), @p58='?' (DbType = DateTime2), @p59='?' (Size = 20), @p60='?' (DbType = Int32), @p61='?' (Size = 20), @p62='?' (Size = 200), @p63='?' (DbType = DateTime2), @p64='?' (Size = 4000)], CommandType='"Text"', CommandTimeout='60']
SET IMPLICIT_TRANSACTIONS OFF;
SET NOCOUNT ON;
MERGE [Tasks] USING (
VALUES (@p0, @p1, @p2, @p3, @p4, @p5, @p6, @p7, @p8, @p9, @p10, @p11, @p12, 0),
(@p13, @p14, @p15, @p16, @p17, @p18, @p19, @p20, @p21, @p22, @p23, @p24, @p25, 1),
(@p26, @p27, @p28, @p29, @p30, @p31, @p32, @p33, @p34, @p35, @p36, @p37, @p38, 2),
(@p39, @p40, @p41, @p42, @p43, @p44, @p45, @p46, @p47, @p48, @p49, @p50, @p51, 3),
(@p52, @p53, @p54, @p55, @p56, @p57, @p58, @p59, @p60, @p61, @p62, @p63, @p64, 4)) AS i ([AssignedUserId], [CreatedAt], [CreatedBy], [DeletedAt], [DeletedBy], [Description], [DueDate], [Priority], [ProjectId], [Status], [Title], [UpdatedAt], [UpdatedBy], _Position) ON 1=0
WHEN NOT MATCHED THEN
INSERT ([AssignedUserId], [CreatedAt], [CreatedBy], [DeletedAt], [DeletedBy], [Description], [DueDate], [Priority], [ProjectId], [Status], [Title], [UpdatedAt], [UpdatedBy])
VALUES (i.[AssignedUserId], i.[CreatedAt], i.[CreatedBy], i.[DeletedAt], i.[DeletedBy], i.[Description], i.[DueDate], i.[Priority], i.[ProjectId], i.[Status], i.[Title], i.[UpdatedAt], i.[UpdatedBy])
OUTPUT INSERTED.[Id], INSERTED.[IsDeleted], i._Position;
2026-04-01 18:27:06.047 [INF] Database seeding completed successfully.
2026-04-01 18:27:06.103 [INF] User profile is available. Using 'C:\Users\aksha\AppData\Local\ASP.NET\DataProtection-Keys' as key repository and Windows DPAPI to encrypt keys at rest.
2026-04-01 18:27:06.132 [INF] Checking for pending database migrations...
2026-04-01 18:27:06.184 [INF] Executed DbCommand (1ms) [Parameters=[], CommandType='"Text"', CommandTimeout='60']
SELECT 1
2026-04-01 18:27:06.213 [INF] Executed DbCommand (3ms) [Parameters=[], CommandType='"Text"', CommandTimeout='60']
SELECT OBJECT_ID(N'[__EFMigrationsHistory]');
2026-04-01 18:27:06.248 [INF] Executed DbCommand (3ms) [Parameters=[], CommandType='"Text"', CommandTimeout='60']
SELECT [MigrationId], [ProductVersion]
FROM [__EFMigrationsHistory]
ORDER BY [MigrationId];
2026-04-01 18:27:06.280 [INF] No pending migrations found.
2026-04-01 18:27:06.764 [INF] Now listening on: http://localhost:5257
2026-04-01 18:27:06.780 [INF] Application started. Press Ctrl+C to shut down.
2026-04-01 18:27:06.792 [INF] Hosting environment: Development
2026-04-01 18:27:06.802 [INF] Content root path: D:\Client_Project\Temp\PMS\src\PMS.Web
2026-04-01 18:27:42.953 [INF] Request starting HTTP/1.1 GET http://localhost:5257/ - null null
2026-04-01 18:27:42.993 [WRN] Failed to determine the https port for redirect.
2026-04-01 18:27:43.063 [INF] Executing endpoint 'PMS.Web.Controllers.HomeController.Index (PMS.Web)'
2026-04-01 18:27:43.111 [INF] Route matched with {action = "Index", controller = "Home"}. Executing controller action with signature Microsoft.AspNetCore.Mvc.IActionResult Index() on controller PMS.Web.Controllers.HomeController (PMS.Web).
2026-04-01 18:27:43.204 [INF] Executing ViewResult, running view Index.
2026-04-01 18:27:43.721 [INF] Executed ViewResult - view Index executed in 519.5345ms.
2026-04-01 18:27:43.795 [INF] Executed action PMS.Web.Controllers.HomeController.Index (PMS.Web) in 635.9083ms
2026-04-01 18:27:43.807 [INF] Request starting HTTP/1.1 GET http://localhost:5257/css/site.css - null null
2026-04-01 18:27:43.808 [INF] Request starting HTTP/1.1 GET http://localhost:5257/js/site.js - null null
2026-04-01 18:27:43.817 [INF] Executed endpoint 'PMS.Web.Controllers.HomeController.Index (PMS.Web)'
2026-04-01 18:27:43.860 [INF] Sending file. Request path: '/js/site.js'. Physical path: 'D:\Client_Project\Temp\PMS\src\PMS.Web\wwwroot\js\site.js'
2026-04-01 18:27:43.860 [INF] Sending file. Request path: '/css/site.css'. Physical path: 'D:\Client_Project\Temp\PMS\src\PMS.Web\wwwroot\css\site.css'
2026-04-01 18:27:43.872 [INF] HTTP GET / responded 200 in 853.9733ms
2026-04-01 18:27:43.888 [INF] Request finished HTTP/1.1 GET http://localhost:5257/js/site.js - 200 231 text/javascript 79.2087ms
2026-04-01 18:27:43.908 [INF] Request finished HTTP/1.1 GET http://localhost:5257/css/site.css - 200 362 text/css 100.9515ms
2026-04-01 18:27:43.931 [INF] Request finished HTTP/1.1 GET http://localhost:5257/ - 200 null text/html; charset=utf-8 983.3353ms
2026-04-01 18:27:44.059 [INF] Request starting HTTP/1.1 GET http://localhost:5257/favicon.ico - null null
2026-04-01 18:27:44.085 [INF] Sending file. Request path: '/favicon.ico'. Physical path: 'D:\Client_Project\Temp\PMS\src\PMS.Web\wwwroot\favicon.ico'
2026-04-01 18:27:44.119 [INF] Request finished HTTP/1.1 GET http://localhost:5257/favicon.ico - 200 5430 image/x-icon 59.9907ms
2026-04-01 18:27:49.162 [INF] Request starting HTTP/1.1 GET http://localhost:5257/Project - null null
2026-04-01 18:27:49.225 [INF] Executing endpoint 'PMS.Web.Controllers.ProjectController.Index (PMS.Web)'
2026-04-01 18:27:49.326 [INF] Route matched with {action = "Index", controller = "Project"}. Executing controller action with signature System.Threading.Tasks.Task`1[Microsoft.AspNetCore.Mvc.IActionResult] Index(Int32, Int32, System.String, System.String, Boolean) on controller PMS.Web.Controllers.ProjectController (PMS.Web).
2026-04-01 18:27:50.231 [INF] Executing ViewResult, running view Index.
2026-04-01 18:27:50.388 [INF] Executed ViewResult - view Index executed in 159.4726ms.
2026-04-01 18:27:50.478 [INF] Executed action PMS.Web.Controllers.ProjectController.Index (PMS.Web) in 1090.3957ms
2026-04-01 18:27:50.490 [INF] Request starting HTTP/1.1 GET http://localhost:5257/js/project.js - null null
2026-04-01 18:27:50.522 [INF] Executed endpoint 'PMS.Web.Controllers.ProjectController.Index (PMS.Web)'
2026-04-01 18:27:50.568 [INF] Sending file. Request path: '/js/project.js'. Physical path: 'D:\Client_Project\Temp\PMS\src\PMS.Web\wwwroot\js\project.js'
2026-04-01 18:27:50.589 [INF] HTTP GET /Project responded 200 in 1370.0794ms
2026-04-01 18:27:50.621 [INF] Request finished HTTP/1.1 GET http://localhost:5257/js/project.js - 200 11200 text/javascript 130.4608ms
2026-04-01 18:27:50.643 [INF] Request finished HTTP/1.1 GET http://localhost:5257/Project - 200 null text/html; charset=utf-8 1481.1111ms
2026-04-01 18:27:53.837 [INF] Request starting HTTP/1.1 GET http://localhost:5257/Project/GetForm - null null
2026-04-01 18:27:53.914 [INF] Executing endpoint 'PMS.Web.Controllers.ProjectController.GetForm (PMS.Web)'
2026-04-01 18:27:53.982 [INF] Route matched with {action = "GetForm", controller = "Project"}. Executing controller action with signature System.Threading.Tasks.Task`1[Microsoft.AspNetCore.Mvc.IActionResult] GetForm(System.Nullable`1[System.Int32]) on controller PMS.Web.Controllers.ProjectController (PMS.Web).
2026-04-01 18:27:54.046 [INF] Executing PartialViewResult, running view _ProjectForm.
2026-04-01 18:27:54.205 [INF] Executed PartialViewResult - view _ProjectForm executed in 160.7949ms.
2026-04-01 18:27:54.243 [INF] Executed action PMS.Web.Controllers.ProjectController.GetForm (PMS.Web) in 209.8564ms
2026-04-01 18:27:54.274 [INF] Executed endpoint 'PMS.Web.Controllers.ProjectController.GetForm (PMS.Web)'
2026-04-01 18:27:54.315 [INF] HTTP GET /Project/GetForm responded 200 in 407.2667ms
2026-04-01 18:27:54.365 [INF] Request finished HTTP/1.1 GET http://localhost:5257/Project/GetForm - 200 null text/html; charset=utf-8 528.5094ms
2026-04-01 18:29:06.306 [INF] Request starting HTTP/1.1 GET http://localhost:5257/Project - null null
2026-04-01 18:29:06.353 [INF] Executing endpoint 'PMS.Web.Controllers.ProjectController.Index (PMS.Web)'
2026-04-01 18:29:06.385 [INF] Route matched with {action = "Index", controller = "Project"}. Executing controller action with signature System.Threading.Tasks.Task`1[Microsoft.AspNetCore.Mvc.IActionResult] Index(Int32, Int32, System.String, System.String, Boolean) on controller PMS.Web.Controllers.ProjectController (PMS.Web).
2026-04-01 18:29:06.460 [INF] Executing ViewResult, running view Index.
2026-04-01 18:29:06.495 [INF] Executed ViewResult - view Index executed in 35.2017ms.
2026-04-01 18:29:06.529 [INF] Executed action PMS.Web.Controllers.ProjectController.Index (PMS.Web) in 93.332ms
2026-04-01 18:29:06.548 [INF] Request starting HTTP/1.1 GET http://localhost:5257/js/project.js - null null
2026-04-01 18:29:06.552 [INF] Executed endpoint 'PMS.Web.Controllers.ProjectController.Index (PMS.Web)'
2026-04-01 18:29:06.586 [INF] The file /js/project.js was not modified
2026-04-01 18:29:06.611 [INF] HTTP GET /Project responded 200 in 258.3682ms
2026-04-01 18:29:06.635 [INF] Request finished HTTP/1.1 GET http://localhost:5257/js/project.js - 304 null text/javascript 87.1459ms
2026-04-01 18:29:06.655 [INF] Request finished HTTP/1.1 GET http://localhost:5257/Project - 200 null text/html; charset=utf-8 349.78ms
2026-04-01 18:29:52.719 [INF] Executed DbCommand (44ms) [Parameters=[], CommandType='"Text"', CommandTimeout='60']
SELECT 1
2026-04-01 18:29:52.822 [INF] Executed DbCommand (33ms) [Parameters=[], CommandType='"Text"', CommandTimeout='60']
SELECT OBJECT_ID(N'[__EFMigrationsHistory]');
2026-04-01 18:29:52.829 [INF] Executed DbCommand (1ms) [Parameters=[], CommandType='"Text"', CommandTimeout='60']
SELECT 1
2026-04-01 18:29:52.831 [INF] Executed DbCommand (1ms) [Parameters=[], CommandType='"Text"', CommandTimeout='60']
SELECT OBJECT_ID(N'[__EFMigrationsHistory]');
2026-04-01 18:29:52.856 [INF] Executed DbCommand (5ms) [Parameters=[], CommandType='"Text"', CommandTimeout='60']
SELECT [MigrationId], [ProductVersion]
FROM [__EFMigrationsHistory]
ORDER BY [MigrationId];
2026-04-01 18:29:52.888 [INF] No migrations were applied. The database is already up to date.
2026-04-01 18:29:53.227 [INF] Executed DbCommand (9ms) [Parameters=[], CommandType='"Text"', CommandTimeout='60']
SELECT CASE
    WHEN EXISTS (
        SELECT 1
        FROM [Users] AS [u]
        WHERE [u].[IsDeleted] = CAST(0 AS bit)) THEN CAST(1 AS bit)
    ELSE CAST(0 AS bit)
END
2026-04-01 18:29:53.274 [INF] User profile is available. Using 'C:\Users\aksha\AppData\Local\ASP.NET\DataProtection-Keys' as key repository and Windows DPAPI to encrypt keys at rest.
2026-04-01 18:29:53.289 [INF] Checking for pending database migrations...
2026-04-01 18:29:53.314 [INF] Executed DbCommand (1ms) [Parameters=[], CommandType='"Text"', CommandTimeout='60']
SELECT 1
2026-04-01 18:29:53.316 [INF] Executed DbCommand (2ms) [Parameters=[], CommandType='"Text"', CommandTimeout='60']
SELECT OBJECT_ID(N'[__EFMigrationsHistory]');
2026-04-01 18:29:53.321 [INF] Executed DbCommand (1ms) [Parameters=[], CommandType='"Text"', CommandTimeout='60']
SELECT [MigrationId], [ProductVersion]
FROM [__EFMigrationsHistory]
ORDER BY [MigrationId];
2026-04-01 18:29:53.324 [INF] No pending migrations found.
2026-04-01 18:29:53.388 [INF] Now listening on: http://localhost:5257
2026-04-01 18:29:53.389 [INF] Application started. Press Ctrl+C to shut down.
2026-04-01 18:29:53.390 [INF] Hosting environment: Development
2026-04-01 18:29:53.390 [INF] Content root path: D:\Client_Project\Temp\PMS\src\PMS.Web
2026-04-01 18:30:50.614 [INF] Request starting HTTP/1.1 GET http://localhost:5257/Project - null null
2026-04-01 18:30:50.638 [WRN] Failed to determine the https port for redirect.
2026-04-01 18:30:50.690 [INF] Executing endpoint 'PMS.Web.Controllers.ProjectController.Index (PMS.Web)'
2026-04-01 18:30:50.725 [INF] Route matched with {action = "Index", controller = "Project"}. Executing controller action with signature System.Threading.Tasks.Task`1[Microsoft.AspNetCore.Mvc.IActionResult] Index(Int32, Int32, System.String, System.String, Boolean) on controller PMS.Web.Controllers.ProjectController (PMS.Web).
2026-04-01 18:30:51.214 [INF] Executing ViewResult, running view Index.
2026-04-01 18:30:51.415 [INF] Executed ViewResult - view Index executed in 204.2744ms.
2026-04-01 18:30:51.419 [INF] Executed action PMS.Web.Controllers.ProjectController.Index (PMS.Web) in 693.0312ms
2026-04-01 18:30:51.420 [INF] Executed endpoint 'PMS.Web.Controllers.ProjectController.Index (PMS.Web)'
2026-04-01 18:30:51.424 [INF] HTTP GET /Project responded 200 in 780.5775ms
2026-04-01 18:30:51.435 [INF] Request finished HTTP/1.1 GET http://localhost:5257/Project - 200 null text/html; charset=utf-8 825.6182ms
2026-04-01 18:30:51.453 [INF] Request starting HTTP/1.1 GET http://localhost:5257/js/project.js - null null
2026-04-01 18:30:51.453 [INF] Request starting HTTP/1.1 GET http://localhost:5257/_framework/aspnetcore-browser-refresh.js - null null
2026-04-01 18:30:51.456 [INF] Request finished HTTP/1.1 GET http://localhost:5257/_framework/aspnetcore-browser-refresh.js - 200 13748 application/javascript; charset=utf-8 2.3729ms
2026-04-01 18:30:51.459 [INF] The file /js/project.js was not modified
2026-04-01 18:30:51.460 [INF] Request finished HTTP/1.1 GET http://localhost:5257/js/project.js - 304 null text/javascript 6.4384ms
2026-04-01 18:31:38.391 [INF] Request starting HTTP/1.1 GET http://localhost:5257/Project - null null
2026-04-01 18:31:38.397 [INF] Executing endpoint 'PMS.Web.Controllers.ProjectController.Index (PMS.Web)'
2026-04-01 18:31:38.398 [INF] Route matched with {action = "Index", controller = "Project"}. Executing controller action with signature System.Threading.Tasks.Task`1[Microsoft.AspNetCore.Mvc.IActionResult] Index(Int32, Int32, System.String, System.String, Boolean) on controller PMS.Web.Controllers.ProjectController (PMS.Web).
2026-04-01 18:31:38.437 [INF] Executing ViewResult, running view Index.
2026-04-01 18:31:38.449 [INF] Executed ViewResult - view Index executed in 12.4912ms.
2026-04-01 18:31:38.449 [INF] Executed action PMS.Web.Controllers.ProjectController.Index (PMS.Web) in 50.612ms
2026-04-01 18:31:38.450 [INF] Executed endpoint 'PMS.Web.Controllers.ProjectController.Index (PMS.Web)'
2026-04-01 18:31:38.450 [INF] HTTP GET /Project responded 200 in 55.1794ms
2026-04-01 18:31:38.451 [INF] Request finished HTTP/1.1 GET http://localhost:5257/Project - 200 null text/html; charset=utf-8 60.1447ms
2026-04-01 18:31:38.474 [INF] Request starting HTTP/1.1 GET http://localhost:5257/js/project.js - null null
2026-04-01 18:31:38.475 [INF] The file /js/project.js was not modified
2026-04-01 18:31:38.476 [INF] Request finished HTTP/1.1 GET http://localhost:5257/js/project.js - 304 null text/javascript 1.445ms
2026-04-01 18:31:38.481 [INF] Request starting HTTP/1.1 GET http://localhost:5257/_framework/aspnetcore-browser-refresh.js - null null
2026-04-01 18:31:38.482 [INF] Request finished HTTP/1.1 GET http://localhost:5257/_framework/aspnetcore-browser-refresh.js - 200 13748 application/javascript; charset=utf-8 0.978ms
2026-04-01 18:31:40.875 [INF] Request starting HTTP/1.1 GET http://localhost:5257/Project - null null
2026-04-01 18:31:40.877 [INF] Executing endpoint 'PMS.Web.Controllers.ProjectController.Index (PMS.Web)'
2026-04-01 18:31:40.879 [INF] Route matched with {action = "Index", controller = "Project"}. Executing controller action with signature System.Threading.Tasks.Task`1[Microsoft.AspNetCore.Mvc.IActionResult] Index(Int32, Int32, System.String, System.String, Boolean) on controller PMS.Web.Controllers.ProjectController (PMS.Web).
2026-04-01 18:31:40.931 [INF] Executing ViewResult, running view Index.
2026-04-01 18:31:40.934 [INF] Executed ViewResult - view Index executed in 3.7131ms.
2026-04-01 18:31:40.935 [INF] Executed action PMS.Web.Controllers.ProjectController.Index (PMS.Web) in 55.0086ms
2026-04-01 18:31:40.935 [INF] Executed endpoint 'PMS.Web.Controllers.ProjectController.Index (PMS.Web)'
2026-04-01 18:31:40.935 [INF] HTTP GET /Project responded 200 in 58.1427ms
2026-04-01 18:31:40.935 [INF] Request finished HTTP/1.1 GET http://localhost:5257/Project - 200 null text/html; charset=utf-8 60.5312ms
2026-04-01 18:31:40.984 [INF] Request starting HTTP/1.1 GET http://localhost:5257/_framework/aspnetcore-browser-refresh.js - null null
2026-04-01 18:31:40.985 [INF] Request finished HTTP/1.1 GET http://localhost:5257/_framework/aspnetcore-browser-refresh.js - 200 13748 application/javascript; charset=utf-8 0.5214ms
2026-04-01 18:31:41.091 [INF] Request starting HTTP/1.1 GET http://localhost:5257/Project - null null
2026-04-01 18:31:41.092 [INF] Executing endpoint 'PMS.Web.Controllers.ProjectController.Index (PMS.Web)'
2026-04-01 18:31:41.092 [INF] Route matched with {action = "Index", controller = "Project"}. Executing controller action with signature System.Threading.Tasks.Task`1[Microsoft.AspNetCore.Mvc.IActionResult] Index(Int32, Int32, System.String, System.String, Boolean) on controller PMS.Web.Controllers.ProjectController (PMS.Web).
2026-04-01 18:31:41.098 [INF] Executing ViewResult, running view Index.
2026-04-01 18:31:41.101 [INF] Executed ViewResult - view Index executed in 3.0804ms.
2026-04-01 18:31:41.101 [INF] Executed action PMS.Web.Controllers.ProjectController.Index (PMS.Web) in 8.1481ms
2026-04-01 18:31:41.102 [INF] Executed endpoint 'PMS.Web.Controllers.ProjectController.Index (PMS.Web)'
2026-04-01 18:31:41.102 [INF] HTTP GET /Project responded 200 in 10.1367ms
2026-04-01 18:31:41.102 [INF] Request finished HTTP/1.1 GET http://localhost:5257/Project - 200 null text/html; charset=utf-8 10.9941ms
2026-04-01 18:31:41.126 [INF] Request starting HTTP/1.1 GET http://localhost:5257/_framework/aspnetcore-browser-refresh.js - null null
2026-04-01 18:31:41.127 [INF] Request finished HTTP/1.1 GET http://localhost:5257/_framework/aspnetcore-browser-refresh.js - 200 13748 application/javascript; charset=utf-8 0.9119ms
2026-04-01 18:31:41.884 [INF] Request starting HTTP/1.1 GET http://localhost:5257/Project - null null
2026-04-01 18:31:41.885 [INF] Executing endpoint 'PMS.Web.Controllers.ProjectController.Index (PMS.Web)'
2026-04-01 18:31:41.886 [INF] Route matched with {action = "Index", controller = "Project"}. Executing controller action with signature System.Threading.Tasks.Task`1[Microsoft.AspNetCore.Mvc.IActionResult] Index(Int32, Int32, System.String, System.String, Boolean) on controller PMS.Web.Controllers.ProjectController (PMS.Web).
2026-04-01 18:31:41.905 [INF] Executing ViewResult, running view Index.
2026-04-01 18:31:41.908 [INF] Executed ViewResult - view Index executed in 3.0344ms.
2026-04-01 18:31:41.908 [INF] Executed action PMS.Web.Controllers.ProjectController.Index (PMS.Web) in 21.9633ms
2026-04-01 18:31:41.908 [INF] Executed endpoint 'PMS.Web.Controllers.ProjectController.Index (PMS.Web)'
2026-04-01 18:31:41.908 [INF] HTTP GET /Project responded 200 in 23.2604ms
2026-04-01 18:31:41.909 [INF] Request finished HTTP/1.1 GET http://localhost:5257/Project - 200 null text/html; charset=utf-8 24.8502ms
2026-04-01 18:31:41.953 [INF] Request starting HTTP/1.1 GET http://localhost:5257/_framework/aspnetcore-browser-refresh.js - null null
2026-04-01 18:31:41.954 [INF] Request finished HTTP/1.1 GET http://localhost:5257/_framework/aspnetcore-browser-refresh.js - 200 13748 application/javascript; charset=utf-8 0.3791ms
2026-04-01 18:31:42.110 [INF] Request starting HTTP/1.1 GET http://localhost:5257/Project - null null
2026-04-01 18:31:42.111 [INF] Executing endpoint 'PMS.Web.Controllers.ProjectController.Index (PMS.Web)'
2026-04-01 18:31:42.111 [INF] Route matched with {action = "Index", controller = "Project"}. Executing controller action with signature System.Threading.Tasks.Task`1[Microsoft.AspNetCore.Mvc.IActionResult] Index(Int32, Int32, System.String, System.String, Boolean) on controller PMS.Web.Controllers.ProjectController (PMS.Web).
2026-04-01 18:31:42.128 [INF] Executing ViewResult, running view Index.
2026-04-01 18:31:42.131 [INF] Executed ViewResult - view Index executed in 3.0572ms.
2026-04-01 18:31:42.132 [INF] Executed action PMS.Web.Controllers.ProjectController.Index (PMS.Web) in 20.2702ms
2026-04-01 18:31:42.132 [INF] Executed endpoint 'PMS.Web.Controllers.ProjectController.Index (PMS.Web)'
2026-04-01 18:31:42.132 [INF] HTTP GET /Project responded 200 in 21.1472ms
2026-04-01 18:31:42.132 [INF] Request finished HTTP/1.1 GET http://localhost:5257/Project - 200 null text/html; charset=utf-8 21.8669ms
2026-04-01 18:31:42.167 [INF] Request starting HTTP/1.1 GET http://localhost:5257/_framework/aspnetcore-browser-refresh.js - null null
2026-04-01 18:31:42.168 [INF] Request finished HTTP/1.1 GET http://localhost:5257/_framework/aspnetcore-browser-refresh.js - 200 13748 application/javascript; charset=utf-8 0.4961ms
2026-04-01 18:31:42.333 [INF] Request starting HTTP/1.1 GET http://localhost:5257/Project - null null
2026-04-01 18:31:42.333 [INF] Executing endpoint 'PMS.Web.Controllers.ProjectController.Index (PMS.Web)'
2026-04-01 18:31:42.333 [INF] Route matched with {action = "Index", controller = "Project"}. Executing controller action with signature System.Threading.Tasks.Task`1[Microsoft.AspNetCore.Mvc.IActionResult] Index(Int32, Int32, System.String, System.String, Boolean) on controller PMS.Web.Controllers.ProjectController (PMS.Web).
2026-04-01 18:31:42.342 [INF] Executing ViewResult, running view Index.
2026-04-01 18:31:42.344 [INF] Executed ViewResult - view Index executed in 2.5358ms.
2026-04-01 18:31:42.345 [INF] Executed action PMS.Web.Controllers.ProjectController.Index (PMS.Web) in 11.2649ms
2026-04-01 18:31:42.345 [INF] Executed endpoint 'PMS.Web.Controllers.ProjectController.Index (PMS.Web)'
2026-04-01 18:31:42.345 [INF] HTTP GET /Project responded 200 in 11.8298ms
2026-04-01 18:31:42.345 [INF] Request finished HTTP/1.1 GET http://localhost:5257/Project - 200 null text/html; charset=utf-8 12.4313ms
2026-04-01 18:31:42.375 [INF] Request starting HTTP/1.1 GET http://localhost:5257/_framework/aspnetcore-browser-refresh.js - null null
2026-04-01 18:31:42.375 [INF] Request finished HTTP/1.1 GET http://localhost:5257/_framework/aspnetcore-browser-refresh.js - 200 13748 application/javascript; charset=utf-8 0.3802ms
2026-04-01 18:33:06.554 [INF] Executed DbCommand (33ms) [Parameters=[], CommandType='"Text"', CommandTimeout='60']
SELECT 1
2026-04-01 18:33:06.656 [INF] Executed DbCommand (34ms) [Parameters=[], CommandType='"Text"', CommandTimeout='60']
SELECT OBJECT_ID(N'[__EFMigrationsHistory]');
2026-04-01 18:33:06.671 [INF] Executed DbCommand (1ms) [Parameters=[], CommandType='"Text"', CommandTimeout='60']
SELECT 1
2026-04-01 18:33:06.681 [INF] Executed DbCommand (1ms) [Parameters=[], CommandType='"Text"', CommandTimeout='60']
SELECT OBJECT_ID(N'[__EFMigrationsHistory]');
2026-04-01 18:33:06.763 [INF] Executed DbCommand (10ms) [Parameters=[], CommandType='"Text"', CommandTimeout='60']
SELECT [MigrationId], [ProductVersion]
FROM [__EFMigrationsHistory]
ORDER BY [MigrationId];
2026-04-01 18:33:06.800 [INF] No migrations were applied. The database is already up to date.
2026-04-01 18:33:07.020 [INF] Executed DbCommand (18ms) [Parameters=[], CommandType='"Text"', CommandTimeout='60']
SELECT CASE
    WHEN EXISTS (
        SELECT 1
        FROM [Users] AS [u]
        WHERE [u].[IsDeleted] = CAST(0 AS bit)) THEN CAST(1 AS bit)
    ELSE CAST(0 AS bit)
END
2026-04-01 18:33:07.064 [INF] User profile is available. Using 'C:\Users\aksha\AppData\Local\ASP.NET\DataProtection-Keys' as key repository and Windows DPAPI to encrypt keys at rest.
2026-04-01 18:33:07.088 [INF] Checking for pending database migrations...
2026-04-01 18:33:07.110 [INF] Executed DbCommand (1ms) [Parameters=[], CommandType='"Text"', CommandTimeout='60']
SELECT 1
2026-04-01 18:33:07.122 [INF] Executed DbCommand (1ms) [Parameters=[], CommandType='"Text"', CommandTimeout='60']
SELECT OBJECT_ID(N'[__EFMigrationsHistory]');
2026-04-01 18:33:07.130 [INF] Executed DbCommand (1ms) [Parameters=[], CommandType='"Text"', CommandTimeout='60']
SELECT [MigrationId], [ProductVersion]
FROM [__EFMigrationsHistory]
ORDER BY [MigrationId];
2026-04-01 18:33:07.140 [INF] No pending migrations found.
2026-04-01 18:33:07.187 [INF] Now listening on: http://localhost:5257
2026-04-01 18:33:07.196 [INF] Application started. Press Ctrl+C to shut down.
2026-04-01 18:33:07.199 [INF] Hosting environment: Development
2026-04-01 18:33:07.202 [INF] Content root path: D:\Client_Project\Temp\PMS\src\PMS.Web
2026-04-01 18:33:09.404 [INF] Request starting HTTP/1.1 GET http://localhost:5257/Project - null null
2026-04-01 18:33:09.420 [WRN] Failed to determine the https port for redirect.
2026-04-01 18:33:09.445 [INF] Executing endpoint 'PMS.Web.Controllers.ProjectController.Index (PMS.Web)'
2026-04-01 18:33:09.474 [INF] Route matched with {action = "Index", controller = "Project"}. Executing controller action with signature System.Threading.Tasks.Task`1[Microsoft.AspNetCore.Mvc.IActionResult] Index(Int32, Int32, System.String, System.String, Boolean) on controller PMS.Web.Controllers.ProjectController (PMS.Web).
2026-04-01 18:33:09.992 [INF] Executing ViewResult, running view Index.
2026-04-01 18:33:10.079 [INF] Executed ViewResult - view Index executed in 86.9917ms.
2026-04-01 18:33:10.099 [INF] Executed action PMS.Web.Controllers.ProjectController.Index (PMS.Web) in 609.5735ms
2026-04-01 18:33:10.115 [INF] Executed endpoint 'PMS.Web.Controllers.ProjectController.Index (PMS.Web)'
2026-04-01 18:33:10.127 [INF] Request starting HTTP/1.1 GET http://localhost:5257/js/project.js - null null
2026-04-01 18:33:10.141 [INF] HTTP GET /Project responded 200 in 712.4548ms
2026-04-01 18:33:10.154 [INF] The file /js/project.js was not modified
2026-04-01 18:33:10.158 [INF] Request finished HTTP/1.1 GET http://localhost:5257/Project - 200 null text/html; charset=utf-8 756.364ms
2026-04-01 18:33:10.166 [INF] Request finished HTTP/1.1 GET http://localhost:5257/js/project.js - 304 null text/javascript 38.7555ms
2026-04-01 18:33:19.639 [INF] Request starting HTTP/1.1 GET http://localhost:5257/Project - null null
2026-04-01 18:33:19.708 [INF] Executing endpoint 'PMS.Web.Controllers.ProjectController.Index (PMS.Web)'
2026-04-01 18:33:19.767 [INF] Route matched with {action = "Index", controller = "Project"}. Executing controller action with signature System.Threading.Tasks.Task`1[Microsoft.AspNetCore.Mvc.IActionResult] Index(Int32, Int32, System.String, System.String, Boolean) on controller PMS.Web.Controllers.ProjectController (PMS.Web).
2026-04-01 18:33:19.860 [INF] Executing ViewResult, running view Index.
2026-04-01 18:33:19.910 [INF] Executed ViewResult - view Index executed in 50.6607ms.
2026-04-01 18:33:19.960 [INF] Executed action PMS.Web.Controllers.ProjectController.Index (PMS.Web) in 111.5164ms
2026-04-01 18:33:19.998 [INF] Executed endpoint 'PMS.Web.Controllers.ProjectController.Index (PMS.Web)'
2026-04-01 18:33:20.028 [INF] HTTP GET /Project responded 200 in 322.7059ms
2026-04-01 18:33:20.054 [INF] Request finished HTTP/1.1 GET http://localhost:5257/Project - 200 null text/html; charset=utf-8 414.9516ms
2026-04-01 18:33:20.184 [INF] Request starting HTTP/1.1 GET http://localhost:5257/Project - null null
2026-04-01 18:33:20.210 [INF] Executing endpoint 'PMS.Web.Controllers.ProjectController.Index (PMS.Web)'
2026-04-01 18:33:20.236 [INF] Route matched with {action = "Index", controller = "Project"}. Executing controller action with signature System.Threading.Tasks.Task`1[Microsoft.AspNetCore.Mvc.IActionResult] Index(Int32, Int32, System.String, System.String, Boolean) on controller PMS.Web.Controllers.ProjectController (PMS.Web).
2026-04-01 18:33:20.287 [INF] Executing ViewResult, running view Index.
2026-04-01 18:33:20.321 [INF] Executed ViewResult - view Index executed in 34.3552ms.
2026-04-01 18:33:20.366 [INF] Executed action PMS.Web.Controllers.ProjectController.Index (PMS.Web) in 92.6619ms
2026-04-01 18:33:20.392 [INF] Executed endpoint 'PMS.Web.Controllers.ProjectController.Index (PMS.Web)'
2026-04-01 18:33:20.426 [INF] HTTP GET /Project responded 200 in 216.0113ms
2026-04-01 18:33:20.443 [INF] Request finished HTTP/1.1 GET http://localhost:5257/Project - 200 null text/html; charset=utf-8 258.8035ms
2026-04-01 18:33:20.636 [INF] Request starting HTTP/1.1 GET http://localhost:5257/Project - null null
2026-04-01 18:33:20.669 [INF] Executing endpoint 'PMS.Web.Controllers.ProjectController.Index (PMS.Web)'
2026-04-01 18:33:20.698 [INF] Route matched with {action = "Index", controller = "Project"}. Executing controller action with signature System.Threading.Tasks.Task`1[Microsoft.AspNetCore.Mvc.IActionResult] Index(Int32, Int32, System.String, System.String, Boolean) on controller PMS.Web.Controllers.ProjectController (PMS.Web).
2026-04-01 18:33:20.752 [INF] Executing ViewResult, running view Index.
2026-04-01 18:33:20.800 [INF] Executed ViewResult - view Index executed in 47.4099ms.
2026-04-01 18:33:20.845 [INF] Executed action PMS.Web.Controllers.ProjectController.Index (PMS.Web) in 100.0622ms
2026-04-01 18:33:20.875 [INF] Executed endpoint 'PMS.Web.Controllers.ProjectController.Index (PMS.Web)'
2026-04-01 18:33:20.910 [INF] HTTP GET /Project responded 200 in 241.3990ms
2026-04-01 18:33:20.936 [INF] Request finished HTTP/1.1 GET http://localhost:5257/Project - 200 null text/html; charset=utf-8 299.6227ms
2026-04-01 18:34:23.182 [INF] Request starting HTTP/1.1 GET http://localhost:5257/Project - null null
2026-04-01 18:34:23.230 [INF] Executing endpoint 'PMS.Web.Controllers.ProjectController.Index (PMS.Web)'
2026-04-01 18:34:23.265 [INF] Route matched with {action = "Index", controller = "Project"}. Executing controller action with signature System.Threading.Tasks.Task`1[Microsoft.AspNetCore.Mvc.IActionResult] Index(Int32, Int32, System.String, System.String, Boolean) on controller PMS.Web.Controllers.ProjectController (PMS.Web).
2026-04-01 18:34:23.327 [INF] Executing ViewResult, running view Index.
2026-04-01 18:34:23.375 [INF] Executed ViewResult - view Index executed in 47.4667ms.
2026-04-01 18:34:23.422 [INF] Executed action PMS.Web.Controllers.ProjectController.Index (PMS.Web) in 104.7705ms
2026-04-01 18:34:23.444 [INF] Request starting HTTP/1.1 GET http://localhost:5257/js/project.js - null null
2026-04-01 18:34:23.472 [INF] Executed endpoint 'PMS.Web.Controllers.ProjectController.Index (PMS.Web)'
2026-04-01 18:34:23.493 [INF] The file /js/project.js was not modified
2026-04-01 18:34:23.515 [INF] HTTP GET /Project responded 200 in 284.5948ms
2026-04-01 18:34:23.530 [INF] Request finished HTTP/1.1 GET http://localhost:5257/js/project.js - 304 null text/javascript 85.9788ms
2026-04-01 18:34:23.542 [INF] Request finished HTTP/1.1 GET http://localhost:5257/Project - 200 null text/html; charset=utf-8 360.3214ms
2026-04-01 18:36:28.441 [INF] Executed DbCommand (49ms) [Parameters=[], CommandType='"Text"', CommandTimeout='60']
SELECT 1
2026-04-01 18:36:28.549 [INF] Executed DbCommand (41ms) [Parameters=[], CommandType='"Text"', CommandTimeout='60']
SELECT OBJECT_ID(N'[__EFMigrationsHistory]');
2026-04-01 18:36:28.574 [INF] Executed DbCommand (1ms) [Parameters=[], CommandType='"Text"', CommandTimeout='60']
SELECT 1
2026-04-01 18:36:28.582 [INF] Executed DbCommand (1ms) [Parameters=[], CommandType='"Text"', CommandTimeout='60']
SELECT OBJECT_ID(N'[__EFMigrationsHistory]');
2026-04-01 18:36:28.602 [INF] Executed DbCommand (3ms) [Parameters=[], CommandType='"Text"', CommandTimeout='60']
SELECT [MigrationId], [ProductVersion]
FROM [__EFMigrationsHistory]
ORDER BY [MigrationId];
2026-04-01 18:36:28.626 [INF] No migrations were applied. The database is already up to date.
2026-04-01 18:36:28.857 [INF] Executed DbCommand (9ms) [Parameters=[], CommandType='"Text"', CommandTimeout='60']
SELECT CASE
    WHEN EXISTS (
        SELECT 1
        FROM [Users] AS [u]
        WHERE [u].[IsDeleted] = CAST(0 AS bit)) THEN CAST(1 AS bit)
    ELSE CAST(0 AS bit)
END
2026-04-01 18:36:28.945 [INF] User profile is available. Using 'C:\Users\aksha\AppData\Local\ASP.NET\DataProtection-Keys' as key repository and Windows DPAPI to encrypt keys at rest.
2026-04-01 18:36:28.980 [INF] Checking for pending database migrations...
2026-04-01 18:36:29.059 [INF] Executed DbCommand (1ms) [Parameters=[], CommandType='"Text"', CommandTimeout='60']
SELECT 1
2026-04-01 18:36:29.082 [INF] Executed DbCommand (1ms) [Parameters=[], CommandType='"Text"', CommandTimeout='60']
SELECT OBJECT_ID(N'[__EFMigrationsHistory]');
2026-04-01 18:36:29.094 [INF] Executed DbCommand (1ms) [Parameters=[], CommandType='"Text"', CommandTimeout='60']
SELECT [MigrationId], [ProductVersion]
FROM [__EFMigrationsHistory]
ORDER BY [MigrationId];
2026-04-01 18:36:29.103 [INF] No pending migrations found.
2026-04-01 18:36:29.145 [INF] Now listening on: http://localhost:5257
2026-04-01 18:36:29.154 [INF] Application started. Press Ctrl+C to shut down.
2026-04-01 18:36:29.157 [INF] Hosting environment: Development
2026-04-01 18:36:29.159 [INF] Content root path: D:\Client_Project\Temp\PMS\src\PMS.Web
2026-04-01 18:36:34.239 [INF] Request starting HTTP/1.1 GET http://localhost:5257/Project - null null
2026-04-01 18:36:34.281 [WRN] Failed to determine the https port for redirect.
2026-04-01 18:36:34.341 [INF] Executing endpoint 'PMS.Web.Controllers.ProjectController.Index (PMS.Web)'
2026-04-01 18:36:34.402 [INF] Route matched with {action = "Index", controller = "Project"}. Executing controller action with signature System.Threading.Tasks.Task`1[Microsoft.AspNetCore.Mvc.IActionResult] Index(Int32, Int32, System.String, System.String, Boolean) on controller PMS.Web.Controllers.ProjectController (PMS.Web).
2026-04-01 18:36:35.056 [INF] Executing ViewResult, running view Index.
2026-04-01 18:36:35.269 [INF] Executed ViewResult - view Index executed in 216.6466ms.
2026-04-01 18:36:35.298 [INF] Executed action PMS.Web.Controllers.ProjectController.Index (PMS.Web) in 860.3436ms
2026-04-01 18:36:35.319 [INF] Request starting HTTP/1.1 GET http://localhost:5257/js/project.js - null null
2026-04-01 18:36:35.324 [INF] Executed endpoint 'PMS.Web.Controllers.ProjectController.Index (PMS.Web)'
2026-04-01 18:36:35.350 [INF] The file /js/project.js was not modified
2026-04-01 18:36:35.365 [INF] HTTP GET /Project responded 200 in 1055.1088ms
2026-04-01 18:36:35.381 [INF] Request finished HTTP/1.1 GET http://localhost:5257/js/project.js - 304 null text/javascript 61.1518ms
2026-04-01 18:36:35.401 [INF] Request finished HTTP/1.1 GET http://localhost:5257/Project - 200 null text/html; charset=utf-8 1167.1747ms
2026-04-01 18:37:30.687 [INF] Request starting HTTP/1.1 GET http://localhost:5257/Project - null null
2026-04-01 18:37:30.751 [INF] Executing endpoint 'PMS.Web.Controllers.ProjectController.Index (PMS.Web)'
2026-04-01 18:37:30.777 [INF] Route matched with {action = "Index", controller = "Project"}. Executing controller action with signature System.Threading.Tasks.Task`1[Microsoft.AspNetCore.Mvc.IActionResult] Index(Int32, Int32, System.String, System.String, Boolean) on controller PMS.Web.Controllers.ProjectController (PMS.Web).
2026-04-01 18:37:30.830 [INF] Executing ViewResult, running view Index.
2026-04-01 18:37:30.872 [INF] Executed ViewResult - view Index executed in 42.9971ms.
2026-04-01 18:37:30.914 [INF] Executed action PMS.Web.Controllers.ProjectController.Index (PMS.Web) in 105.0075ms
2026-04-01 18:37:30.938 [INF] Executed endpoint 'PMS.Web.Controllers.ProjectController.Index (PMS.Web)'
2026-04-01 18:37:30.954 [INF] HTTP GET /Project responded 200 in 205.7769ms
2026-04-01 18:37:30.971 [INF] Request finished HTTP/1.1 GET http://localhost:5257/Project - 200 null text/html; charset=utf-8 284.0814ms
2026-04-01 18:39:17.152 [INF] Executed DbCommand (73ms) [Parameters=[], CommandType='"Text"', CommandTimeout='60']
SELECT 1
2026-04-01 18:39:17.324 [INF] Executed DbCommand (47ms) [Parameters=[], CommandType='"Text"', CommandTimeout='60']
SELECT OBJECT_ID(N'[__EFMigrationsHistory]');
2026-04-01 18:39:17.346 [INF] Executed DbCommand (2ms) [Parameters=[], CommandType='"Text"', CommandTimeout='60']
SELECT 1
2026-04-01 18:39:17.363 [INF] Executed DbCommand (2ms) [Parameters=[], CommandType='"Text"', CommandTimeout='60']
SELECT OBJECT_ID(N'[__EFMigrationsHistory]');
2026-04-01 18:39:17.419 [INF] Executed DbCommand (5ms) [Parameters=[], CommandType='"Text"', CommandTimeout='60']
SELECT [MigrationId], [ProductVersion]
FROM [__EFMigrationsHistory]
ORDER BY [MigrationId];
2026-04-01 18:39:17.468 [INF] No migrations were applied. The database is already up to date.
2026-04-01 18:39:17.935 [INF] Executed DbCommand (5ms) [Parameters=[], CommandType='"Text"', CommandTimeout='60']
SELECT CASE
    WHEN EXISTS (
        SELECT 1
        FROM [Users] AS [u]
        WHERE [u].[IsDeleted] = CAST(0 AS bit)) THEN CAST(1 AS bit)
    ELSE CAST(0 AS bit)
END
2026-04-01 18:39:17.994 [INF] User profile is available. Using 'C:\Users\aksha\AppData\Local\ASP.NET\DataProtection-Keys' as key repository and Windows DPAPI to encrypt keys at rest.
2026-04-01 18:39:18.009 [INF] Checking for pending database migrations...
2026-04-01 18:39:18.033 [INF] Executed DbCommand (1ms) [Parameters=[], CommandType='"Text"', CommandTimeout='60']
SELECT 1
2026-04-01 18:39:18.045 [INF] Executed DbCommand (1ms) [Parameters=[], CommandType='"Text"', CommandTimeout='60']
SELECT OBJECT_ID(N'[__EFMigrationsHistory]');
2026-04-01 18:39:18.063 [INF] Executed DbCommand (1ms) [Parameters=[], CommandType='"Text"', CommandTimeout='60']
SELECT [MigrationId], [ProductVersion]
FROM [__EFMigrationsHistory]
ORDER BY [MigrationId];
2026-04-01 18:39:18.076 [INF] No pending migrations found.
2026-04-01 18:39:18.152 [INF] Now listening on: http://localhost:5257
2026-04-01 18:39:18.162 [INF] Application started. Press Ctrl+C to shut down.
2026-04-01 18:39:18.170 [INF] Hosting environment: Development
2026-04-01 18:39:18.176 [INF] Content root path: D:\Client_Project\Temp\PMS\src\PMS.Web
